<?xml version="1.0" encoding="UTF-8"?>
<testsuite name="com.shiwa.ShiwaforceTest" time="1.924" tests="2" errors="2" skipped="0" failures="0">
  <properties>
    <property name="java.vendor" value="Oracle Corporation"/>
    <property name="JOB_NAME" value="Mvn"/>
    <property name="sun.java.launcher" value="SUN_STANDARD"/>
    <property name="sun.management.compiler" value="HotSpot 64-Bit Tiered Compilers"/>
    <property name="JENKINS_HOME" value="/Users/admin/.jenkins"/>
    <property name="PATH" value="/Users/admin/.jenkins/tools/hudson.model.JDK/JAVA_HOME/bin:/usr/bin:/bin:/usr/sbin:/sbin"/>
    <property name="HUDSON_SERVER_COOKIE" value="21baabe5b50f9a02"/>
    <property name="POM_ARTIFACTID" value="sauce_appium_junit"/>
    <property name="os.name" value="Mac OS X"/>
    <property name="sun.boot.class.path" value="/Users/admin/.jenkins/tools/hudson.model.JDK/JAVA_HOME/jre/lib/resources.jar:/Users/admin/.jenkins/tools/hudson.model.JDK/JAVA_HOME/jre/lib/rt.jar:/Users/admin/.jenkins/tools/hudson.model.JDK/JAVA_HOME/jre/lib/sunrsasign.jar:/Users/admin/.jenkins/tools/hudson.model.JDK/JAVA_HOME/jre/lib/jsse.jar:/Users/admin/.jenkins/tools/hudson.model.JDK/JAVA_HOME/jre/lib/jce.jar:/Users/admin/.jenkins/tools/hudson.model.JDK/JAVA_HOME/jre/lib/charsets.jar:/Users/admin/.jenkins/tools/hudson.model.JDK/JAVA_HOME/jre/lib/jfr.jar:/Users/admin/.jenkins/tools/hudson.model.JDK/JAVA_HOME/jre/classes"/>
    <property name="EXECUTOR_NUMBER" value="1"/>
    <property name="java.vm.specification.vendor" value="Oracle Corporation"/>
    <property name="POM_DISPLAYNAME" value="sauce_appium_junit"/>
    <property name="NODE_LABELS" value="master"/>
    <property name="java.runtime.version" value="1.8.0_45-b14"/>
    <property name="user.name" value="admin"/>
    <property name="guice.disable.misplaced.annotation.check" value="true"/>
    <property name="SECURITYSESSIONID" value="186a5"/>
    <property name="user.language" value="en"/>
    <property name="BUILD_DISPLAY_NAME" value="#12"/>
    <property name="TMPDIR" value="/var/folders/5n/txj1p6jn6kjb9v5vlwk4ltfm0000gn/T/"/>
    <property name="sun.boot.library.path" value="/Users/admin/.jenkins/tools/hudson.model.JDK/JAVA_HOME/jre/lib"/>
    <property name="JAVA_MAIN_CLASS_305" value="Main"/>
    <property name="java.version" value="1.8.0_45"/>
    <property name="XPC_FLAGS" value="0x0"/>
    <property name="user.timezone" value="Europe/Kiev"/>
    <property name="sun.arch.data.model" value="64"/>
    <property name="NODE_NAME" value="master"/>
    <property name="http.nonProxyHosts" value="local|*.local|169.254/16|*.169.254/16"/>
    <property name="java.endorsed.dirs" value="/Users/admin/.jenkins/tools/hudson.model.JDK/JAVA_HOME/jre/lib/endorsed"/>
    <property name="BUILD_ID" value="12"/>
    <property name="sun.cpu.isalist" value=""/>
    <property name="sun.jnu.encoding" value="UTF-8"/>
    <property name="file.encoding.pkg" value="sun.io"/>
    <property name="SHELL" value="/bin/bash"/>
    <property name="file.separator" value="/"/>
    <property name="java.specification.name" value="Java Platform API Specification"/>
    <property name="java.class.version" value="52.0"/>
    <property name="org.slf4j.simpleLogger.defaultLogLevel" value="info"/>
    <property name="user.country" value="US"/>
    <property name="java.home" value="/Users/admin/.jenkins/tools/hudson.model.JDK/JAVA_HOME/jre"/>
    <property name="java.vm.info" value="mixed mode"/>
    <property name="os.version" value="10.10.2"/>
    <property name="POM_VERSION" value="0.0.1-SNAPSHOT"/>
    <property name="sun.font.fontmanager" value="sun.font.CFontManager"/>
    <property name="path.separator" value=":"/>
    <property name="java.vm.version" value="25.45-b02"/>
    <property name="GIT_PREVIOUS_COMMIT" value="5d612d12f922d7f14fda27fed90b33bfdacccaa2"/>
    <property name="java.awt.printerjob" value="sun.lwawt.macosx.CPrinterJob"/>
    <property name="JAVA_HOME" value="/Users/admin/.jenkins/tools/hudson.model.JDK/JAVA_HOME"/>
    <property name="sun.io.unicode.encoding" value="UnicodeBig"/>
    <property name="awt.toolkit" value="sun.lwawt.macosx.LWCToolkit"/>
    <property name="LOGNAME" value="admin"/>
    <property name="socksNonProxyHosts" value="local|*.local|169.254/16|*.169.254/16"/>
    <property name="POM_PACKAGING" value="jar"/>
    <property name="ftp.nonProxyHosts" value="local|*.local|169.254/16|*.169.254/16"/>
    <property name="HOME" value="/Users/admin"/>
    <property name="POM_GROUPID" value="com.saucelabs"/>
    <property name="user.home" value="/Users/admin"/>
    <property name="BUILD_TAG" value="jenkins-Mvn-12"/>
    <property name="JENKINS_SERVER_COOKIE" value="21baabe5b50f9a02"/>
    <property name="HUDSON_URL" value="http://localhost:8080/"/>
    <property name="XPC_SERVICE_NAME" value="0"/>
    <property name="java.specification.vendor" value="Oracle Corporation"/>
    <property name="CLASSPATH" value=""/>
    <property name="java.library.path" value="/Users/admin/Library/Java/Extensions:/Library/Java/Extensions:/Network/Library/Java/Extensions:/System/Library/Java/Extensions:/usr/lib/java:."/>
    <property name="java.vendor.url" value="http://java.oracle.com/"/>
    <property name="Apple_PubSub_Socket_Render" value="/private/tmp/com.apple.launchd.Av20cIoM20/Render"/>
    <property name="java.vm.vendor" value="Oracle Corporation"/>
    <property name="gopherProxySet" value="false"/>
    <property name="java.runtime.name" value="Java(TM) SE Runtime Environment"/>
    <property name="maven.home" value="/Users/admin/.jenkins/tools/hudson.tasks.Maven_MavenInstallation/MAVEN_HOME"/>
    <property name="java.class.path" value="/Users/admin/.jenkins/plugins/maven-plugin/WEB-INF/lib/maven31-agent-1.5.jar:/Users/admin/.jenkins/tools/hudson.tasks.Maven_MavenInstallation/MAVEN_HOME/boot/plexus-classworlds-2.5.1.jar:/Users/admin/.jenkins/tools/hudson.tasks.Maven_MavenInstallation/MAVEN_HOME/conf/logging"/>
    <property name="sun.java.command" value="jenkins.maven3.agent.Maven31Main /Users/admin/.jenkins/tools/hudson.tasks.Maven_MavenInstallation/MAVEN_HOME /Users/admin/.jenkins/war/WEB-INF/lib/remoting-2.51.jar /Users/admin/.jenkins/plugins/maven-plugin/WEB-INF/lib/maven31-interceptor-1.5.jar /Users/admin/.jenkins/plugins/maven-plugin/WEB-INF/lib/maven3-interceptor-commons-1.5.jar 55196"/>
    <property name="java.vm.specification.name" value="Java Virtual Machine Specification"/>
    <property name="PATH+JDK" value="/Users/admin/.jenkins/tools/hudson.model.JDK/JAVA_HOME/bin"/>
    <property name="java.vm.specification.version" value="1.8"/>
    <property name="sun.os.patch.level" value="unknown"/>
    <property name="sun.cpu.endian" value="little"/>
    <property name="M2_HOME" value="/Users/admin/.jenkins/tools/hudson.tasks.Maven_MavenInstallation/MAVEN_HOME"/>
    <property name="java.io.tmpdir" value="/var/folders/5n/txj1p6jn6kjb9v5vlwk4ltfm0000gn/T/"/>
    <property name="HUDSON_HOME" value="/Users/admin/.jenkins"/>
    <property name="PATH+MAVEN" value="/Users/admin/.jenkins/tools/hudson.tasks.Maven_MavenInstallation/MAVEN_HOME/bin"/>
    <property name="BUILD_URL" value="http://localhost:8080/job/Mvn/12/"/>
    <property name="java.vendor.url.bug" value="http://bugreport.sun.com/bugreport/"/>
    <property name="SSH_AUTH_SOCK" value="/private/tmp/com.apple.launchd.pjmlALkqyo/Listeners"/>
    <property name="java.awt.graphicsenv" value="sun.awt.CGraphicsEnvironment"/>
    <property name="os.arch" value="x86_64"/>
    <property name="java.ext.dirs" value="/Users/admin/Library/Java/Extensions:/Users/admin/.jenkins/tools/hudson.model.JDK/JAVA_HOME/jre/lib/ext:/Library/Java/Extensions:/Network/Library/Java/Extensions:/System/Library/Java/Extensions:/usr/lib/java"/>
    <property name="__CF_USER_TEXT_ENCODING" value="0x1F5:0x0:0x0"/>
    <property name="user.dir" value="/Users/admin/IdeaProjects/MyProject"/>
    <property name="JOB_URL" value="http://localhost:8080/job/Mvn/"/>
    <property name="line.separator" value="&#10;"/>
    <property name="MAVEN_HOME" value="/Users/admin/.jenkins/tools/hudson.tasks.Maven_MavenInstallation/MAVEN_HOME"/>
    <property name="java.vm.name" value="Java HotSpot(TM) 64-Bit Server VM"/>
    <property name="BUILD_NUMBER" value="12"/>
    <property name="JENKINS_URL" value="http://localhost:8080/"/>
    <property name="GIT_BRANCH" value="origin/master"/>
    <property name="GIT_COMMIT" value="5d612d12f922d7f14fda27fed90b33bfdacccaa2"/>
    <property name="file.encoding" value="UTF-8"/>
    <property name="maven3.interceptor" value="/Users/admin/.jenkins/plugins/maven-plugin/WEB-INF/lib/maven31-interceptor-1.5.jar"/>
    <property name="WORKSPACE" value="/Users/admin/.jenkins/jobs/Mvn/workspace"/>
    <property name="maven3.interceptor.common" value="/Users/admin/.jenkins/plugins/maven-plugin/WEB-INF/lib/maven3-interceptor-commons-1.5.jar"/>
    <property name="java.specification.version" value="1.8"/>
    <property name="USER" value="admin"/>
    <property name="GIT_URL" value="https://github.com/biziliavv/MyProject.git"/>
  </properties>
  <testcase name="myCompanytesting" classname="com.shiwa.ShiwaforceTest" time="1.898">
    <error message="Could not start a new session. Possible causes are invalid address of the remote server or browser start-up failure.&#10;Build info: version: &apos;2.46.0&apos;, revision: &apos;61506a4624b13675f24581e453592342b7485d71&apos;, time: &apos;2015-06-04 10:22:50&apos;&#10;System info: host: &apos;Mac-Admin.local&apos;, ip: &apos;192.168.199.130&apos;, os.name: &apos;Mac OS X&apos;, os.arch: &apos;x86_64&apos;, os.version: &apos;10.10.2&apos;, java.version: &apos;1.8.0_45&apos;&#10;Driver info: driver.version: AppiumDriver" type="org.openqa.selenium.remote.UnreachableBrowserException"><![CDATA[org.openqa.selenium.remote.UnreachableBrowserException: Could not start a new session. Possible causes are invalid address of the remote server or browser start-up failure.
Build info: version: '2.46.0', revision: '61506a4624b13675f24581e453592342b7485d71', time: '2015-06-04 10:22:50'
System info: host: 'Mac-Admin.local', ip: '192.168.199.130', os.name: 'Mac OS X', os.arch: 'x86_64', os.version: '10.10.2', java.version: '1.8.0_45'
Driver info: driver.version: AppiumDriver
	at java.net.PlainSocketImpl.socketConnect(Native Method)
	at java.net.AbstractPlainSocketImpl.doConnect(AbstractPlainSocketImpl.java:345)
	at java.net.AbstractPlainSocketImpl.connectToAddress(AbstractPlainSocketImpl.java:206)
	at java.net.AbstractPlainSocketImpl.connect(AbstractPlainSocketImpl.java:188)
	at java.net.SocksSocketImpl.connect(SocksSocketImpl.java:392)
	at java.net.Socket.connect(Socket.java:589)
	at org.apache.http.conn.socket.PlainConnectionSocketFactory.connectSocket(PlainConnectionSocketFactory.java:72)
	at org.apache.http.impl.conn.HttpClientConnectionOperator.connect(HttpClientConnectionOperator.java:117)
	at org.apache.http.impl.conn.PoolingHttpClientConnectionManager.connect(PoolingHttpClientConnectionManager.java:314)
	at org.apache.http.impl.execchain.MainClientExec.establishRoute(MainClientExec.java:363)
	at org.apache.http.impl.execchain.MainClientExec.execute(MainClientExec.java:219)
	at org.apache.http.impl.execchain.ProtocolExec.execute(ProtocolExec.java:195)
	at org.apache.http.impl.execchain.RetryExec.execute(RetryExec.java:86)
	at org.apache.http.impl.execchain.RedirectExec.execute(RedirectExec.java:108)
	at org.apache.http.impl.client.InternalHttpClient.doExecute(InternalHttpClient.java:186)
	at org.apache.http.impl.client.CloseableHttpClient.execute(CloseableHttpClient.java:72)
	at org.apache.http.impl.client.CloseableHttpClient.execute(CloseableHttpClient.java:57)
	at org.openqa.selenium.remote.internal.ApacheHttpClient.fallBackExecute(ApacheHttpClient.java:143)
	at org.openqa.selenium.remote.internal.ApacheHttpClient.execute(ApacheHttpClient.java:89)
	at org.openqa.selenium.remote.HttpCommandExecutor.execute(HttpCommandExecutor.java:134)
	at org.openqa.selenium.remote.RemoteWebDriver.execute(RemoteWebDriver.java:578)
	at io.appium.java_client.AppiumDriver.execute(AppiumDriver.java:180)
	at org.openqa.selenium.remote.RemoteWebDriver.startSession(RemoteWebDriver.java:242)
	at org.openqa.selenium.remote.RemoteWebDriver.<init>(RemoteWebDriver.java:128)
	at org.openqa.selenium.remote.RemoteWebDriver.<init>(RemoteWebDriver.java:155)
	at io.appium.java_client.AppiumDriver.<init>(AppiumDriver.java:109)
	at com.shiwa.ShiwaforceTest$1.<init>(ShiwaforceTest.java:57)
	at com.shiwa.ShiwaforceTest.setUp(ShiwaforceTest.java:57)
]]></error>
  </testcase>
  <testcase name="blatesting" classname="com.shiwa.ShiwaforceTest" time="0.026">
    <error message="Could not start a new session. Possible causes are invalid address of the remote server or browser start-up failure.&#10;Build info: version: &apos;2.46.0&apos;, revision: &apos;61506a4624b13675f24581e453592342b7485d71&apos;, time: &apos;2015-06-04 10:22:50&apos;&#10;System info: host: &apos;Mac-Admin.local&apos;, ip: &apos;192.168.199.130&apos;, os.name: &apos;Mac OS X&apos;, os.arch: &apos;x86_64&apos;, os.version: &apos;10.10.2&apos;, java.version: &apos;1.8.0_45&apos;&#10;Driver info: driver.version: AppiumDriver" type="org.openqa.selenium.remote.UnreachableBrowserException"><![CDATA[org.openqa.selenium.remote.UnreachableBrowserException: Could not start a new session. Possible causes are invalid address of the remote server or browser start-up failure.
Build info: version: '2.46.0', revision: '61506a4624b13675f24581e453592342b7485d71', time: '2015-06-04 10:22:50'
System info: host: 'Mac-Admin.local', ip: '192.168.199.130', os.name: 'Mac OS X', os.arch: 'x86_64', os.version: '10.10.2', java.version: '1.8.0_45'
Driver info: driver.version: AppiumDriver
	at java.net.PlainSocketImpl.socketConnect(Native Method)
	at java.net.AbstractPlainSocketImpl.doConnect(AbstractPlainSocketImpl.java:345)
	at java.net.AbstractPlainSocketImpl.connectToAddress(AbstractPlainSocketImpl.java:206)
	at java.net.AbstractPlainSocketImpl.connect(AbstractPlainSocketImpl.java:188)
	at java.net.SocksSocketImpl.connect(SocksSocketImpl.java:392)
	at java.net.Socket.connect(Socket.java:589)
	at org.apache.http.conn.socket.PlainConnectionSocketFactory.connectSocket(PlainConnectionSocketFactory.java:72)
	at org.apache.http.impl.conn.HttpClientConnectionOperator.connect(HttpClientConnectionOperator.java:117)
	at org.apache.http.impl.conn.PoolingHttpClientConnectionManager.connect(PoolingHttpClientConnectionManager.java:314)
	at org.apache.http.impl.execchain.MainClientExec.establishRoute(MainClientExec.java:363)
	at org.apache.http.impl.execchain.MainClientExec.execute(MainClientExec.java:219)
	at org.apache.http.impl.execchain.ProtocolExec.execute(ProtocolExec.java:195)
	at org.apache.http.impl.execchain.RetryExec.execute(RetryExec.java:86)
	at org.apache.http.impl.execchain.RedirectExec.execute(RedirectExec.java:108)
	at org.apache.http.impl.client.InternalHttpClient.doExecute(InternalHttpClient.java:186)
	at org.apache.http.impl.client.CloseableHttpClient.execute(CloseableHttpClient.java:72)
	at org.apache.http.impl.client.CloseableHttpClient.execute(CloseableHttpClient.java:57)
	at org.openqa.selenium.remote.internal.ApacheHttpClient.fallBackExecute(ApacheHttpClient.java:143)
	at org.openqa.selenium.remote.internal.ApacheHttpClient.execute(ApacheHttpClient.java:89)
	at org.openqa.selenium.remote.HttpCommandExecutor.execute(HttpCommandExecutor.java:134)
	at org.openqa.selenium.remote.RemoteWebDriver.execute(RemoteWebDriver.java:578)
	at io.appium.java_client.AppiumDriver.execute(AppiumDriver.java:180)
	at org.openqa.selenium.remote.RemoteWebDriver.startSession(RemoteWebDriver.java:242)
	at org.openqa.selenium.remote.RemoteWebDriver.<init>(RemoteWebDriver.java:128)
	at org.openqa.selenium.remote.RemoteWebDriver.<init>(RemoteWebDriver.java:155)
	at io.appium.java_client.AppiumDriver.<init>(AppiumDriver.java:109)
	at com.shiwa.ShiwaforceTest$1.<init>(ShiwaforceTest.java:57)
	at com.shiwa.ShiwaforceTest.setUp(ShiwaforceTest.java:57)
]]></error>
  </testcase>
</testsuite>